2023-02-03 15:19:29 [scrapy.utils.log] INFO: Scrapy 2.6.1 started (bot: scrapy_framework)
2023-02-03 15:19:29 [scrapy.utils.log] INFO: Versions: lxml 4.9.2.0, libxml2 2.9.12, cssselect 1.2.0, parsel 1.7.0, w3lib 2.1.1, Twisted 22.10.0, Python 3.9.13 (tags/v3.9.13:6de2ca5, May 17 2022, 16:36:42) [MSC v.1929 64 bit (AMD64)], pyOpenSSL 22.0.0 (OpenSSL 3.0.7 1 Nov 2022), cryptography 38.0.4, Platform Windows-10-10.0.22000-SP0
2023-02-03 15:19:30 [scrapy.crawler] INFO: Overridden settings:
{'BOT_NAME': 'scrapy_framework',
 'LOG_FILE': 'logs\\default\\StockSpider\\0951457ca3a811eda8ecb48c9d8c8c02.log',
 'NEWSPIDER_MODULE': 'scrapy_framework.spiders',
 'SPIDER_MODULES': ['scrapy_framework.spiders']}
2023-02-03 15:19:30 [scrapy.utils.log] DEBUG: Using reactor: twisted.internet.selectreactor.SelectReactor
2023-02-03 15:19:30 [scrapy.extensions.telnet] INFO: Telnet Password: 9b8b9d14d29bae0f
2023-02-03 15:19:30 [scrapy.middleware] INFO: Enabled extensions:
['scrapy.extensions.corestats.CoreStats',
 'scrapy.extensions.telnet.TelnetConsole',
 'scrapy.extensions.logstats.LogStats']
2023-02-03 15:19:30 [scrapy.middleware] INFO: Enabled downloader middlewares:
['scrapy.downloadermiddlewares.httpauth.HttpAuthMiddleware',
 'scrapy.downloadermiddlewares.downloadtimeout.DownloadTimeoutMiddleware',
 'scrapy.downloadermiddlewares.defaultheaders.DefaultHeadersMiddleware',
 'scrapy.downloadermiddlewares.useragent.UserAgentMiddleware',
 'scrapy.downloadermiddlewares.retry.RetryMiddleware',
 'scrapy.downloadermiddlewares.redirect.MetaRefreshMiddleware',
 'scrapy.downloadermiddlewares.httpcompression.HttpCompressionMiddleware',
 'scrapy.downloadermiddlewares.redirect.RedirectMiddleware',
 'scrapy.downloadermiddlewares.cookies.CookiesMiddleware',
 'scrapy.downloadermiddlewares.httpproxy.HttpProxyMiddleware',
 'scrapy.downloadermiddlewares.stats.DownloaderStats']
2023-02-03 15:19:30 [scrapy.middleware] INFO: Enabled spider middlewares:
['scrapy.spidermiddlewares.httperror.HttpErrorMiddleware',
 'scrapy.spidermiddlewares.offsite.OffsiteMiddleware',
 'scrapy.spidermiddlewares.referer.RefererMiddleware',
 'scrapy.spidermiddlewares.urllength.UrlLengthMiddleware',
 'scrapy.spidermiddlewares.depth.DepthMiddleware']
